<?xml version="1.0" encoding="UTF-8"?>
<!-- Generated by org.testng.reporters.JUnitReportReporter -->
<testsuite hostname="LAPTOP-S33TBGHA" failures="0" tests="1" name="com.demo.AppTest" time="0.022" errors="0" timestamp="2024-02-17T16:34:50 IST" skipped="0">
  <testcase classname="com.demo.AppTest" name="testApp" time="0.022"/>
  <system-out/>
</testsuite> <!-- com.demo.AppTest -->
